{
  "RSpec": {
    "coverage": {
      "/Users/lucasmedeirosleite/Development/ruby/rweather/app/helpers/application_helper.rb": [
        null,
        null,
        1,
        null
      ],
      "/Users/lucasmedeirosleite/Development/ruby/rweather/lib/open_weather.rb": [
        null,
        null,
        1,
        null,
        1,
        1,
        null,
        1,
        1,
        null,
        1,
        3,
        null,
        null,
        1,
        3,
        2,
        null,
        null,
        1,
        2,
        1,
        null,
        null,
        null
      ],
      "/Users/lucasmedeirosleite/Development/ruby/rweather/lib/open_weather/client.rb": [
        null,
        null,
        1,
        1,
        1,
        null,
        1,
        1,
        null,
        null,
        1,
        1,
        null,
        null,
        1,
        null,
        1,
        null,
        null
      ],
      "/Users/lucasmedeirosleite/Development/ruby/rweather/app/controllers/application_controller.rb": [
        null,
        null,
        0,
        0,
        0
      ],
      "/Users/lucasmedeirosleite/Development/ruby/rweather/app/controllers/home_controller.rb": [
        null,
        null,
        0,
        0,
        0
      ],
      "/Users/lucasmedeirosleite/Development/ruby/rweather/app/models/application_record.rb": [
        null,
        null,
        0,
        0,
        0
      ]
    },
    "timestamp": 1516121175
  }
}
